<?xml version="1.0" encoding="UTF-8"?>
<robot generator="Robot 6.0.2 (Python 3.10.6 on win32)" generated="20230228 17:46:42.562" rpa="false" schemaversion="3">
<suite id="s1" name="TC 56 create case" source="C:\api_sample_project\Read_content\TC_56_create_case.robot">
<test id="s1-t1" name="TC_56_postrequest" line="11">
<kw name="Create Session" library="RequestsLibrary">
<arg>API_Testing</arg>
<arg>${Base_Url}</arg>
<arg>verify=true</arg>
<doc>Create Session: create a HTTP session to a server</doc>
<msg timestamp="20230228 17:46:42.877" level="INFO">Creating Session using : alias=API_Testing, url=https://qa.backend-api.audi.de, headers={},                     cookies={}, auth=None, timeout=None, proxies=None, verify=True,                     debug=0 </msg>
<status status="PASS" starttime="20230228 17:46:42.877" endtime="20230228 17:46:42.877"/>
</kw>
<kw name="Create Dictionary" library="BuiltIn">
<var>${header}</var>
<arg>client_id=32d8e37e62fc4697aba3ad71f2e2e764</arg>
<arg>client_secret=bF7fB57AF49d46b889a9F2eCc127dA48</arg>
<arg>Content-Type=application/json</arg>
<doc>Creates and returns a dictionary based on the given ``items``.</doc>
<msg timestamp="20230228 17:46:42.877" level="INFO">${header} = {'client_id': '32d8e37e62fc4697aba3ad71f2e2e764', 'client_secret': 'bF7fB57AF49d46b889a9F2eCc127dA48', 'Content-Type': 'application/json'}</msg>
<status status="PASS" starttime="20230228 17:46:42.877" endtime="20230228 17:46:42.877"/>
</kw>
<kw name="Set Variable" library="BuiltIn">
<var>${end_point}</var>
<arg>/papi/case-rocky-generic/v2/cases</arg>
<doc>Returns the given values which can then be assigned to a variables.</doc>
<msg timestamp="20230228 17:46:42.877" level="INFO">${end_point} = /papi/case-rocky-generic/v2/cases</msg>
<status status="PASS" starttime="20230228 17:46:42.877" endtime="20230228 17:46:42.877"/>
</kw>
<kw name="Fetch post request payload" library="UserKeyword_fetchdata">
<var>${jsondata}</var>
<kw name="Read Json File" library="readcontent">
<var>${request_data}</var>
<msg timestamp="20230228 17:46:42.877" level="INFO">${request_data} = {
  "id": "2becd668-e097-4aa2-h3637-305cc7881b81",
  "status": "Created",
  "type": "Request",
  "brand": "Volkswagen",
  "language": "de",
  "origin": "Web",
  "customer-articulation-date": "2020-08-...</msg>
<status status="PASS" starttime="20230228 17:46:42.877" endtime="20230228 17:46:42.877"/>
</kw>
<msg timestamp="20230228 17:46:42.877" level="INFO">${jsondata} = {
  "id": "2becd668-e097-4aa2-h3637-305cc7881b81",
  "status": "Created",
  "type": "Request",
  "brand": "Volkswagen",
  "language": "de",
  "origin": "Web",
  "customer-articulation-date": "2020-08-...</msg>
<status status="PASS" starttime="20230228 17:46:42.877" endtime="20230228 17:46:42.877"/>
</kw>
<kw name="Log To Console" library="BuiltIn">
<arg>${jsondata}</arg>
<doc>Logs the given message to the console.</doc>
<status status="PASS" starttime="20230228 17:46:42.877" endtime="20230228 17:46:42.877"/>
</kw>
<kw name="POST On Session" library="RequestsLibrary">
<var>${post_Response}</var>
<arg>API_Testing</arg>
<arg>${end_point}</arg>
<arg>data=${jsondata}</arg>
<arg>headers=${header}</arg>
<doc>Sends a POST request on a previously created HTTP Session.</doc>
<msg timestamp="20230228 17:46:46.456" level="INFO">POST Request : url=https://qa.backend-api.audi.de/papi/case-rocky-generic/v2/cases 
 path_url=/papi/case-rocky-generic/v2/cases 
 headers={'User-Agent': 'python-requests/2.28.2', 'Accept-Encoding': 'gzip, deflate', 'Accept': '*/*', 'Connection': 'keep-alive', 'client_id': '32d8e37e62fc4697aba3ad71f2e2e764', 'client_secret': 'bF7fB57AF49d46b889a9F2eCc127dA48', 'Content-Type': 'application/json', 'Content-Length': '1716'} 
 body={
  "id": "2becd668-e097-4aa2-h3637-305cc7881b81",
  "status": "Created",
  "type": "Request",
  "brand": "Volkswagen",
  "language": "de",
  "origin": "Web",
  "customer-articulation-date": "2020-08-31T09:33:04.659Z",
  "licence-plate": "AC TC 1406",
  "priority": "High",
  "subject": "Webform Vision 11 Testcase Request Volkswagen",
  "description": "Sample request case description",
  "vehicle": {
    "vin": "BAUTDMFODA7693601"
  },
  "customer": {
    "first-name": "customerCaterina",
    "last-name": "customerWiek",
    "phone": "customer17645924171",
    "email": "customerone.crm.int.ta.r0ykvkvy@v-ec.net",
    "address": {
      "street": "customerGirschnerstr. 4",
      "postal-code": "customer70157",
      "city": "customerStendal",
      "country": "customerDE"
    }
  },
  "supplied-contact": {
    "name": "Caterina Wiek",
    "phone": "17647824171",
    "mobile": "+49 17649024171",
    "email": "one.crm.int.ta.r0ykvkvy@v-ec.net",
    "address": {
      "street": "Girschnerstr. 4",
      "postal-code": "70157",
      "city": "Stendal",
      "country": "DE"
    },
    "preferred-dealer": ""
  },
  "email-messages": [
    {
      "from": "susi@susi.com",
      "to": "case@test.com",
      "cc": "case2@test.com",
      "bcc": "case3@test.com",
      "subject": "Sample subject",
      "body": "Sample body",
      "date": "2020-08-31T09:33:04.659Z",
      "has-attachments": false
    }
  ],
  "has-attachments": false,
  "attachment-count": 0,
  "external-source": "DRC",
  "created-date": "2021-01-12T09:33:04.659Z",
  "customer-expectation": "Apology",
  "customer-intention": "Involve Lawyer",
  "preferred-communication-channel": "Email",
  "preferred-communication-time": "Morning"
} 
 </msg>
<msg timestamp="20230228 17:46:46.456" level="INFO">POST Response : url=https://qa.backend-api.audi.de/papi/case-rocky-generic/v2/cases 
 status=201, reason=Created 
 headers={'Date': 'Tue, 28 Feb 2023 12:16:46 GMT', 'Content-Type': 'application/json; charset=UTF-8', 'Transfer-Encoding': 'chunked', 'Connection': 'keep-alive', 'Strict-Transport-Security': 'max-age=31536000; includeSubdomains;', 'X-Content-Type-Options': 'nosniff', 'X-Frame-Options': 'SAMEORIGIN', 'X-XSS-Protection': '1; mode=block'} 
 body={
  "message": "Case created/updated successfully"
} 
 </msg>
<msg timestamp="20230228 17:46:46.456" level="INFO">${post_Response} = &lt;Response [201]&gt;</msg>
<status status="PASS" starttime="20230228 17:46:42.877" endtime="20230228 17:46:46.456"/>
</kw>
<kw name="Set Variable" library="BuiltIn">
<var>${json_data}</var>
<arg>${post_Response.json()}</arg>
<doc>Returns the given values which can then be assigned to a variables.</doc>
<msg timestamp="20230228 17:46:46.456" level="INFO">${json_data} = {'message': 'Case created/updated successfully'}</msg>
<status status="PASS" starttime="20230228 17:46:46.456" endtime="20230228 17:46:46.456"/>
</kw>
<kw name="Convert To String" library="BuiltIn">
<var>${status_code}</var>
<arg>${post_Response.status_code}</arg>
<doc>Converts the given item to a Unicode string.</doc>
<msg timestamp="20230228 17:46:46.456" level="INFO">${status_code} = 201</msg>
<status status="PASS" starttime="20230228 17:46:46.456" endtime="20230228 17:46:46.456"/>
</kw>
<kw name="Log To Console" library="BuiltIn">
<arg>${json_data}</arg>
<doc>Logs the given message to the console.</doc>
<status status="PASS" starttime="20230228 17:46:46.456" endtime="20230228 17:46:46.456"/>
</kw>
<kw name="Log To Console" library="BuiltIn">
<arg>${status_code}</arg>
<doc>Logs the given message to the console.</doc>
<status status="PASS" starttime="20230228 17:46:46.456" endtime="20230228 17:46:46.456"/>
</kw>
<kw name="Should Be Equal" library="BuiltIn">
<arg>${status_code}</arg>
<arg>201</arg>
<doc>Fails if the given objects are unequal.</doc>
<status status="PASS" starttime="20230228 17:46:46.456" endtime="20230228 17:46:46.456"/>
</kw>
<status status="PASS" starttime="20230228 17:46:42.877" endtime="20230228 17:46:46.456"/>
</test>
<status status="PASS" starttime="20230228 17:46:42.576" endtime="20230228 17:46:46.464"/>
</suite>
<statistics>
<total>
<stat pass="1" fail="0" skip="0">All Tests</stat>
</total>
<tag>
</tag>
<suite>
<stat pass="1" fail="0" skip="0" id="s1" name="TC 56 create case">TC 56 create case</stat>
</suite>
</statistics>
<errors>
<msg timestamp="20230228 17:46:42.853" level="ERROR">Error in file 'C:\api_sample_project\Read_content\UserKeyword_fetchdata.robot' on line 3: Importing library 'JSONLibrary' failed: ModuleNotFoundError: No module named 'JSONLibrary'
Traceback (most recent call last):
  None
PYTHONPATH:
  C:\python_programs\Scripts\robot.exe
  C:\python_programs\python310.zip
  C:\python_programs\DLLs
  C:\python_programs\lib
  C:\python_programs
  C:\Users\pkonda\AppData\Roaming\Python\Python310\site-packages
  C:\python_programs\lib\site-packages</msg>
</errors>
</robot>
